16:21:13.130 [main] INFO  Base.BaseTest - Configuring Appium...
16:21:21.538 [main] INFO  Base.BaseTest - Appium configured successfully.
16:21:21.609 [main] INFO  Base.BaseTest - Starting valid login test...
16:21:27.195 [main] INFO  Base.BaseTest - Valid login test completed.
16:21:27.200 [main] INFO  Base.BaseTest - Closing the app...
16:21:28.082 [main] INFO  Base.BaseTest - App closed.
16:22:37.313 [main] INFO  Base.BaseTest - Configuring Appium...
16:22:45.388 [main] INFO  Base.BaseTest - Appium configured successfully.
16:22:45.439 [main] INFO  Base.BaseTest - Starting valid login test...
16:22:50.756 [main] INFO  Base.BaseTest - Valid login test completed.
16:22:50.760 [main] INFO  Base.BaseTest - Starting valid login test...
16:23:05.749 [main] INFO  Base.BaseTest - Valid login test completed.
16:23:05.754 [main] INFO  Base.BaseTest - Closing the app...
16:23:06.462 [main] INFO  Base.BaseTest - App closed.
17:43:36.634 [main] INFO  Base.BaseTest - Configuring Appium...
17:43:43.684 [main] INFO  Base.BaseTest - Appium configured successfully.
17:43:43.709 [main] INFO  Base.BaseTest - Starting Product Page Testing...
17:44:00.274 [main] ERROR Base.BaseTest - Test ProeductTesting failed.
17:44:00.274 [main] ERROR Base.BaseTest - Error: java.lang.IndexOutOfBoundsException: Index 1 out of bounds for length 1
17:44:00.286 [main] INFO  Base.BaseTest - Closing the app...
17:44:00.607 [main] INFO  Base.BaseTest - App closed.
17:46:10.184 [main] INFO  Base.BaseTest - Configuring Appium...
17:46:15.467 [main] INFO  Base.BaseTest - Appium configured successfully.
17:46:15.490 [main] INFO  Base.BaseTest - Starting Product Page Testing...
17:46:36.778 [main] ERROR Base.BaseTest - Test ProeductTesting failed.
17:46:36.778 [main] ERROR Base.BaseTest - Error: java.lang.IndexOutOfBoundsException: Index 1 out of bounds for length 1
17:46:36.779 [main] INFO  Base.BaseTest - Closing the app...
17:46:37.124 [main] INFO  Base.BaseTest - App closed.
17:47:21.075 [main] INFO  Base.BaseTest - Configuring Appium...
17:47:26.438 [main] INFO  Base.BaseTest - Appium configured successfully.
17:47:26.462 [main] INFO  Base.BaseTest - Starting Product Page Testing...
17:47:48.075 [main] ERROR Base.BaseTest - Test ProeductTesting failed.
17:47:48.075 [main] ERROR Base.BaseTest - Error: java.lang.IndexOutOfBoundsException: Index 1 out of bounds for length 1
17:47:48.078 [main] INFO  Base.BaseTest - Closing the app...
17:47:48.353 [main] INFO  Base.BaseTest - App closed.
17:49:56.896 [main] INFO  Base.BaseTest - Configuring Appium...
17:50:02.011 [main] INFO  Base.BaseTest - Appium configured successfully.
17:50:02.036 [main] INFO  Base.BaseTest - Starting Product Page Testing...
17:50:23.461 [main] ERROR Base.BaseTest - Test ProeductTesting failed.
17:50:23.461 [main] ERROR Base.BaseTest - Error: java.lang.IndexOutOfBoundsException: Index 1 out of bounds for length 1
17:50:23.463 [main] INFO  Base.BaseTest - Closing the app...
17:50:23.756 [main] INFO  Base.BaseTest - App closed.
17:55:13.642 [main] INFO  Base.BaseTest - Configuring Appium...
17:55:18.925 [main] INFO  Base.BaseTest - Appium configured successfully.
17:55:18.953 [main] INFO  Base.BaseTest - Starting Product Page Testing...
17:55:40.369 [main] ERROR Base.BaseTest - Test ProeductTesting failed.
17:55:40.369 [main] ERROR Base.BaseTest - Error: java.lang.IndexOutOfBoundsException: Index 1 out of bounds for length 1
17:55:40.371 [main] INFO  Base.BaseTest - Closing the app...
17:55:40.676 [main] INFO  Base.BaseTest - App closed.
17:59:01.355 [main] INFO  Base.BaseTest - Configuring Appium...
17:59:06.626 [main] INFO  Base.BaseTest - Appium configured successfully.
17:59:06.643 [main] INFO  Base.BaseTest - Starting Product Page Testing...
17:59:28.710 [main] ERROR Base.BaseTest - Test ProeductTesting failed.
17:59:28.710 [main] ERROR Base.BaseTest - Error: java.lang.IndexOutOfBoundsException: Index 2 out of bounds for length 2
17:59:28.712 [main] INFO  Base.BaseTest - Closing the app...
17:59:28.977 [main] INFO  Base.BaseTest - App closed.
18:00:51.741 [main] INFO  Base.BaseTest - Configuring Appium...
18:00:57.008 [main] INFO  Base.BaseTest - Appium configured successfully.
18:00:57.034 [main] INFO  Base.BaseTest - Starting Product Page Testing...
18:00:58.158 [main] INFO  Base.BaseTest - Configuring Appium...
18:00:58.878 [main] ERROR Base.BaseTest - Test ProeductTesting failed.
18:00:58.878 [main] ERROR Base.BaseTest - Error: org.openqa.selenium.WebDriverException: An unknown server-side error occurred while processing the command. Original error: 'POST /element' cannot be proxied to UiAutomator2 server because the instrumentation process is not running (probably crashed). Check the server log and/or the logcat output for more details
Build info: version: '4.23.1', revision: '656257d8e9'
System info: os.name: 'Windows 11', os.arch: 'amd64', os.version: '10.0', java.version: '22.0.2'
Driver info: io.appium.java_client.android.AndroidDriver
Command: [03c858e9-a429-4695-8d4f-482e5acd2ddb, findElement {using=id, value=com.androidsample.generalstore:id/nameField}]
Capabilities {appium:app: D:/Selenium/Appium/src/test..., appium:appPackage: com.androidsample.generalstore, appium:automationName: UIAutomator2, appium:databaseEnabled: false, appium:desired: {app: D:/Selenium/Appium/src/test..., automationName: UIAutomator2, deviceName: emulator-5554, platformName: ANDROID}, appium:deviceApiLevel: 35, appium:deviceManufacturer: Google, appium:deviceModel: sdk_gphone64_x86_64, appium:deviceName: emulator-5554, appium:deviceScreenDensity: 420, appium:deviceScreenSize: 1080x2400, appium:deviceUDID: emulator-5554, appium:javascriptEnabled: true, appium:locationContextEnabled: false, appium:networkConnectionEnabled: true, appium:pixelRatio: 2.625, appium:platformVersion: 15, appium:statBarHeight: 63, appium:takesScreenshot: true, appium:viewportRect: {height: 2337, left: 0, top: 63, width: 1080}, appium:warnings: {}, appium:webStorageEnabled: false, platformName: ANDROID}
Session ID: 03c858e9-a429-4695-8d4f-482e5acd2ddb
18:00:58.881 [main] INFO  Base.BaseTest - Closing the app...
18:01:05.645 [main] INFO  Base.BaseTest - Configuring Appium...
18:01:11.050 [main] INFO  Base.BaseTest - Appium configured successfully.
18:01:11.076 [main] INFO  Base.BaseTest - Starting Product Page Testing...
18:01:33.203 [main] ERROR Base.BaseTest - Test ProeductTesting failed.
18:01:33.204 [main] ERROR Base.BaseTest - Error: java.lang.IndexOutOfBoundsException: Index 2 out of bounds for length 2
18:01:33.205 [main] INFO  Base.BaseTest - Closing the app...
18:01:33.516 [main] INFO  Base.BaseTest - App closed.
18:03:03.027 [main] INFO  Base.BaseTest - Configuring Appium...
18:03:08.370 [main] INFO  Base.BaseTest - Appium configured successfully.
18:03:08.396 [main] INFO  Base.BaseTest - Starting Product Page Testing...
18:03:32.389 [main] ERROR Base.BaseTest - Test ProeductTesting failed.
18:03:32.389 [main] ERROR Base.BaseTest - Error: java.lang.IndexOutOfBoundsException: Index 2 out of bounds for length 2
18:03:32.390 [main] INFO  Base.BaseTest - Closing the app...
18:03:32.632 [main] INFO  Base.BaseTest - App closed.
18:04:34.826 [main] INFO  Base.BaseTest - Configuring Appium...
18:04:40.066 [main] INFO  Base.BaseTest - Appium configured successfully.
18:04:40.088 [main] INFO  Base.BaseTest - Starting Product Page Testing...
18:04:54.931 [main] ERROR Base.BaseTest - Test ProeductTesting failed.
18:04:54.931 [main] ERROR Base.BaseTest - Error: java.lang.IndexOutOfBoundsException: Index 2 out of bounds for length 2
18:04:54.933 [main] INFO  Base.BaseTest - Closing the app...
18:04:55.263 [main] INFO  Base.BaseTest - App closed.
18:07:08.745 [main] INFO  Base.BaseTest - Configuring Appium...
18:07:14.087 [main] INFO  Base.BaseTest - Appium configured successfully.
18:07:14.116 [main] INFO  Base.BaseTest - Starting Product Page Testing...
18:07:29.205 [main] ERROR Base.BaseTest - Test ProeductTesting failed.
18:07:29.205 [main] ERROR Base.BaseTest - Error: java.lang.IndexOutOfBoundsException: Index 2 out of bounds for length 2
18:07:29.207 [main] INFO  Base.BaseTest - Closing the app...
18:07:29.464 [main] INFO  Base.BaseTest - App closed.
18:09:09.221 [main] INFO  Base.BaseTest - Configuring Appium...
18:09:14.479 [main] INFO  Base.BaseTest - Appium configured successfully.
18:09:14.503 [main] INFO  Base.BaseTest - Starting Product Page Testing...
18:09:28.832 [main] INFO  Base.BaseTest - Product Page Test End
18:09:28.835 [main] INFO  Base.BaseTest - Test ProeductTesting passed.
18:09:28.837 [main] INFO  Base.BaseTest - Closing the app...
18:09:29.096 [main] INFO  Base.BaseTest - App closed.
18:11:15.099 [main] INFO  Base.BaseTest - Configuring Appium...
18:11:20.266 [main] INFO  Base.BaseTest - Appium configured successfully.
18:11:20.287 [main] INFO  Base.BaseTest - Starting Product Page Testing...
18:11:37.267 [main] INFO  Base.BaseTest - Product Page Test End
18:11:37.270 [main] INFO  Base.BaseTest - Test ProeductTesting passed.
18:11:37.272 [main] INFO  Base.BaseTest - Closing the app...
18:11:37.573 [main] INFO  Base.BaseTest - App closed.
18:12:17.237 [main] INFO  Base.BaseTest - Configuring Appium...
18:12:22.474 [main] INFO  Base.BaseTest - Appium configured successfully.
18:12:22.496 [main] INFO  Base.BaseTest - Starting Product Page Testing...
18:12:39.494 [main] INFO  Base.BaseTest - Product Page Test End
18:12:39.496 [main] INFO  Base.BaseTest - Test ProeductTesting passed.
18:12:39.499 [main] INFO  Base.BaseTest - Closing the app...
18:12:39.809 [main] INFO  Base.BaseTest - App closed.
18:13:12.755 [main] INFO  Base.BaseTest - Configuring Appium...
18:13:17.922 [main] INFO  Base.BaseTest - Appium configured successfully.
18:13:17.944 [main] INFO  Base.BaseTest - Starting valid login test...
18:13:22.899 [main] INFO  Base.BaseTest - Valid login test completed.
18:13:22.902 [main] INFO  Base.BaseTest - Test InvalidLogin passed.
18:13:22.904 [main] INFO  Base.BaseTest - Starting Invalid login test...
18:13:27.721 [main] INFO  Base.BaseTest - Invalid login test completed.
18:13:27.722 [main] INFO  Base.BaseTest - Test LoginTest passed.
18:13:27.724 [main] INFO  Base.BaseTest - Starting Product Page Testing...
18:13:37.971 [main] ERROR Base.BaseTest - Test ProeductTesting failed.
18:13:37.972 [main] ERROR Base.BaseTest - Error: org.openqa.selenium.TimeoutException: Expected condition failed: waiting for visibility of Located by By.chained({AppiumBy.id: com.androidsample.generalstore:id/nameField}) (tried for 10 second(s) with 500 milliseconds interval)
18:13:37.975 [main] INFO  Base.BaseTest - Closing the app...
18:13:38.281 [main] INFO  Base.BaseTest - App closed.
18:14:49.187 [main] INFO  Base.BaseTest - Configuring Appium...
18:14:54.393 [main] INFO  Base.BaseTest - Appium configured successfully.
18:14:54.418 [main] INFO  Base.BaseTest - Starting Product Page Testing...
18:15:12.051 [main] INFO  Base.BaseTest - Product Page Test End
18:15:12.055 [main] INFO  Base.BaseTest - Test ProeductTesting passed.
18:15:12.057 [main] INFO  Base.BaseTest - Closing the app...
18:15:12.339 [main] INFO  Base.BaseTest - App closed.
18:15:29.672 [main] INFO  Base.BaseTest - Configuring Appium...
18:15:34.863 [main] INFO  Base.BaseTest - Appium configured successfully.
18:15:34.887 [main] INFO  Base.BaseTest - Starting Product Page Testing...
18:15:51.784 [main] INFO  Base.BaseTest - Product Page Test End
18:15:51.787 [main] INFO  Base.BaseTest - Test ProeductTesting passed.
18:15:51.789 [main] INFO  Base.BaseTest - Closing the app...
18:15:52.116 [main] INFO  Base.BaseTest - App closed.
18:16:07.133 [main] INFO  Base.BaseTest - Configuring Appium...
18:16:11.350 [main] INFO  Base.BaseTest - Appium configured successfully.
18:16:11.371 [main] INFO  Base.BaseTest - Starting Product Page Testing...
18:16:28.254 [main] INFO  Base.BaseTest - Product Page Test End
18:16:28.258 [main] INFO  Base.BaseTest - Test ProeductTesting passed.
18:16:28.260 [main] INFO  Base.BaseTest - Closing the app...
18:16:28.540 [main] INFO  Base.BaseTest - App closed.
